<?xml version="1.0" encoding="UTF-8"?>
<testng-results ignored="0" total="5" passed="4" failed="1" skipped="0">
  <reporter-output>
  </reporter-output>
  <suite started-at="2022-10-07T17:16:57 COT" name="Suite" finished-at="2022-10-07T17:17:11 COT" duration-ms="13287">
    <groups>
    </groups>
    <test started-at="2022-10-07T17:16:57 COT" name="Test" finished-at="2022-10-07T17:17:11 COT" duration-ms="13287">
      <class name="com.testNG.RunTestNG">
        <test-method is-config="true" signature="beforeClass(java.lang.String, java.lang.String, java.lang.String, java.lang.String)[pri:0, instance:com.testNG.RunTestNG@4b5d6a01]" started-at="2022-10-07T17:16:57 COT" name="beforeClass" finished-at="2022-10-07T17:17:00 COT" duration-ms="2172" status="PASS">
          <params>
            <param index="0">
              <value>
                <![CDATA[https://www.google.com/]]>
              </value>
            </param>
            <param index="1">
              <value>
                <![CDATA[./output/]]>
              </value>
            </param>
            <param index="2">
              <value>
                <![CDATA[./imagenes/LogoMercadoLibre.PNG]]>
              </value>
            </param>
            <param index="3">
              <value>
                <![CDATA[./imagenes/toolsqa2.PNG]]>
              </value>
            </param>
          </params>
          <reporter-output>
          </reporter-output>
        </test-method> <!-- beforeClass -->
        <test-method signature="pruebaInicialTestNG(java.lang.String, java.lang.String, java.lang.String, java.lang.String, java.lang.String)[pri:1, instance:com.testNG.RunTestNG@4b5d6a01]" started-at="2022-10-07T17:17:00 COT" name="pruebaInicialTestNG" data-provider="busqueda" finished-at="2022-10-07T17:17:00 COT" duration-ms="36" status="PASS">
          <params>
            <param index="0">
              <value>
                <![CDATA[No]]>
              </value>
            </param>
            <param index="1">
              <value>
                <![CDATA[Si]]>
              </value>
            </param>
            <param index="2">
              <value>
                <![CDATA[equintero@gamil.com]]>
              </value>
            </param>
            <param index="3">
              <value>
                <![CDATA[https://www.mercadolibre.com.co/]]>
              </value>
            </param>
            <param index="4">
              <value>
                <![CDATA[audifonos]]>
              </value>
            </param>
          </params>
          <reporter-output>
          </reporter-output>
        </test-method> <!-- pruebaInicialTestNG -->
        <test-method signature="Registro(java.lang.String, java.lang.String, java.lang.String, java.lang.String, java.lang.String)[pri:2, instance:com.testNG.RunTestNG@4b5d6a01]" started-at="2022-10-07T17:17:01 COT" name="Registro" data-provider="Registro" finished-at="2022-10-07T17:17:10 COT" duration-ms="9617" status="FAIL">
          <params>
            <param index="0">
              <value>
                <![CDATA[Si]]>
              </value>
            </param>
            <param index="1">
              <value>
                <![CDATA[Si]]>
              </value>
            </param>
            <param index="2">
              <value>
                <![CDATA[equintero@gamil.com]]>
              </value>
            </param>
            <param index="3">
              <value>
                <![CDATA[https://www.mercadolibre.com.co/]]>
              </value>
            </param>
            <param index="4">
              <value>
                <![CDATA[pc]]>
              </value>
            </param>
          </params>
          <exception class="java.lang.InterruptedException">
            <full-stacktrace>
              <![CDATA[java.lang.InterruptedException
at ClasesBase.ClaseBase.click(ClaseBase.java:148)
at PagesObjects.PageObjectRegistro.crearMiCuenta(PageObjectRegistro.java:28)
at com.testNG.RunTestNG.Registro(RunTestNG.java:147)
at java.base/jdk.internal.reflect.DirectMethodHandleAccessor.invoke(DirectMethodHandleAccessor.java:104)
at java.base/java.lang.reflect.Method.invoke(Method.java:577)
at org.testng.internal.MethodInvocationHelper.invokeMethod(MethodInvocationHelper.java:134)
at org.testng.internal.TestInvoker.invokeMethod(TestInvoker.java:597)
at org.testng.internal.TestInvoker.invokeTestMethod(TestInvoker.java:173)
at org.testng.internal.MethodRunner.runInSequence(MethodRunner.java:46)
at org.testng.internal.TestInvoker$MethodInvocationAgent.invoke(TestInvoker.java:816)
at org.testng.internal.TestInvoker.invokeTestMethods(TestInvoker.java:146)
at org.testng.internal.TestMethodWorker.invokeTestMethods(TestMethodWorker.java:146)
at org.testng.internal.TestMethodWorker.run(TestMethodWorker.java:128)
at java.base/java.util.ArrayList.forEach(ArrayList.java:1511)
at org.testng.TestRunner.privateRun(TestRunner.java:766)
at org.testng.TestRunner.run(TestRunner.java:587)
at org.testng.SuiteRunner.runTest(SuiteRunner.java:384)
at org.testng.SuiteRunner.runSequentially(SuiteRunner.java:378)
at org.testng.SuiteRunner.privateRun(SuiteRunner.java:337)
at org.testng.SuiteRunner.run(SuiteRunner.java:286)
at org.testng.SuiteRunnerWorker.runSuite(SuiteRunnerWorker.java:53)
at org.testng.SuiteRunnerWorker.run(SuiteRunnerWorker.java:96)
at org.testng.TestNG.runSuitesSequentially(TestNG.java:1187)
at org.testng.TestNG.runSuitesLocally(TestNG.java:1109)
at org.testng.TestNG.runSuites(TestNG.java:1039)
at org.testng.TestNG.run(TestNG.java:1007)
at org.testng.remote.AbstractRemoteTestNG.run(AbstractRemoteTestNG.java:115)
at org.testng.remote.RemoteTestNG.initAndRun(RemoteTestNG.java:251)
at org.testng.remote.RemoteTestNG.main(RemoteTestNG.java:77)
]]>
            </full-stacktrace>
          </exception> <!-- java.lang.InterruptedException -->
          <reporter-output>
          </reporter-output>
        </test-method> <!-- Registro -->
        <test-method signature="alertas(java.lang.String, java.lang.String, java.lang.String, java.lang.String)[pri:3, instance:com.testNG.RunTestNG@4b5d6a01]" started-at="2022-10-07T17:17:10 COT" name="alertas" data-provider="Alertas" finished-at="2022-10-07T17:17:10 COT" duration-ms="1" status="PASS">
          <params>
            <param index="0">
              <value>
                <![CDATA[No]]>
              </value>
            </param>
            <param index="1">
              <value>
                <![CDATA[Si]]>
              </value>
            </param>
            <param index="2">
              <value>
                <![CDATA[https://demoqa.com/]]>
              </value>
            </param>
            <param index="3">
              <value>
                <![CDATA[Esneider]]>
              </value>
            </param>
          </params>
          <reporter-output>
          </reporter-output>
        </test-method> <!-- alertas -->
        <test-method signature="Widgets(java.lang.String, java.lang.String, java.lang.String)[pri:4, instance:com.testNG.RunTestNG@4b5d6a01]" started-at="2022-10-07T17:17:10 COT" name="Widgets" data-provider="Widgets" finished-at="2022-10-07T17:17:10 COT" duration-ms="5" status="PASS">
          <params>
            <param index="0">
              <value>
                <![CDATA[No]]>
              </value>
            </param>
            <param index="1">
              <value>
                <![CDATA[Si]]>
              </value>
            </param>
            <param index="2">
              <value>
                <![CDATA[https://demoqa.com/]]>
              </value>
            </param>
          </params>
          <reporter-output>
          </reporter-output>
        </test-method> <!-- Widgets -->
        <test-method signature="mercury(java.lang.String, java.lang.String, java.lang.String, java.lang.String, java.lang.String, java.lang.String, java.lang.String, java.lang.String, java.lang.String, java.lang.String, java.lang.String, java.lang.String, java.lang.String, java.lang.String, java.lang.String)[pri:5, instance:com.testNG.RunTestNG@4b5d6a01]" started-at="2022-10-07T17:17:10 COT" name="mercury" data-provider="Mercury" finished-at="2022-10-07T17:17:10 COT" duration-ms="7" status="PASS">
          <params>
            <param index="0">
              <value>
                <![CDATA[No]]>
              </value>
            </param>
            <param index="1">
              <value>
                <![CDATA[Si]]>
              </value>
            </param>
            <param index="2">
              <value>
                <![CDATA[https://demo.guru99.com/selenium/newtours/index.php]]>
              </value>
            </param>
            <param index="3">
              <value>
                <![CDATA[Esneider]]>
              </value>
            </param>
            <param index="4">
              <value>
                <![CDATA[Quintero]]>
              </value>
            </param>
            <param index="5">
              <value>
                <![CDATA[3227944300]]>
              </value>
            </param>
            <param index="6">
              <value>
                <![CDATA[equintero1004@gmail.com]]>
              </value>
            </param>
            <param index="7">
              <value>
                <![CDATA[Calle 5 sur 12-27]]>
              </value>
            </param>
            <param index="8">
              <value>
                <![CDATA[Bogotá]]>
              </value>
            </param>
            <param index="9">
              <value>
                <![CDATA[Colombia]]>
              </value>
            </param>
            <param index="10">
              <value>
                <![CDATA[57]]>
              </value>
            </param>
            <param index="11">
              <value>
                <![CDATA[YEMEN]]>
              </value>
            </param>
            <param index="12">
              <value>
                <![CDATA[Equintero@gmail.com]]>
              </value>
            </param>
            <param index="13">
              <value>
                <![CDATA[tarea]]>
              </value>
            </param>
            <param index="14">
              <value>
                <![CDATA[tarea]]>
              </value>
            </param>
          </params>
          <reporter-output>
          </reporter-output>
        </test-method> <!-- mercury -->
        <test-method is-config="true" signature="afterClass()[pri:0, instance:com.testNG.RunTestNG@4b5d6a01]" started-at="2022-10-07T17:17:10 COT" name="afterClass" finished-at="2022-10-07T17:17:11 COT" duration-ms="189" status="PASS">
          <reporter-output>
          </reporter-output>
        </test-method> <!-- afterClass -->
      </class> <!-- com.testNG.RunTestNG -->
    </test> <!-- Test -->
  </suite> <!-- Suite -->
</testng-results>
