<?xml version="1.0" encoding="UTF-8"?>
<!-- Generated by org.testng.reporters.JUnitXMLReporter -->
<testsuite ignored="0" hostname="DESKTOP-0JOHASU" failures="1" tests="5" name="Test" time="13.287" errors="0" timestamp="2022-10-07T17:17:11 COT">
  <testcase classname="com.testNG.RunTestNG" name="pruebaInicialTestNG" time="0.036"/>
  <testcase classname="com.testNG.RunTestNG" name="Registro" time="9.617">
    <failure type="java.lang.InterruptedException">
      <![CDATA[java.lang.InterruptedException
at ClasesBase.ClaseBase.click(ClaseBase.java:148)
at PagesObjects.PageObjectRegistro.crearMiCuenta(PageObjectRegistro.java:28)
at com.testNG.RunTestNG.Registro(RunTestNG.java:147)
at java.base/java.util.ArrayList.forEach(ArrayList.java:1511)
... Removed 25 stack frames]]>
    </failure>
  </testcase> <!-- Registro -->
  <testcase classname="com.testNG.RunTestNG" name="alertas" time="0.001"/>
  <testcase classname="com.testNG.RunTestNG" name="Widgets" time="0.005"/>
  <testcase classname="com.testNG.RunTestNG" name="mercury" time="0.007"/>
</testsuite> <!-- Test -->
